<?xml version="1.0" encoding="UTF-8"?>
<!-- Generated by org.testng.reporters.JUnitReportReporter -->
<testsuite hostname="LAPTOP-6BNLH7JG" failures="0" tests="3" name="testNG.ProductConfigPage" time="0.005" errors="0" timestamp="2022-07-11T13:23:14 IST" skipped="1">
  <testcase classname="testNG.ProductConfigPage" name="addProducts" time="0.003"/>
  <system-out/>
  <testcase classname="testNG.ProductConfigPage" name="pricingorder" time="0.002"/>
  <system-out/>
  <testcase classname="testNG.ProductConfigPage" name="seamlessSwitch">
    <skipped/>
  </testcase> <!-- seamlessSwitch -->
  <system-out/>
</testsuite> <!-- testNG.ProductConfigPage -->
